-------------------------------------------------------------------------------
Test set: tests.RegistrationTest
-------------------------------------------------------------------------------
Tests run: 1, Failures: 0, Errors: 1, Skipped: 0, Time elapsed: 65.59 sec <<< FAILURE!
testInputEmailAndPass(tests.RegistrationTest)  Time elapsed: 65.54 sec  <<< ERROR!
org.openqa.selenium.TimeoutException: Timed out after 5 seconds: Not find elevent to swipe

Build info: version: '2.53.1', revision: 'a36b8b1cd5757287168e54b817830adce9b0158d', time: '2016-06-30 19:26:09'
System info: host: 'iMac-ggg', ip: '192.168.1.52', os.name: 'Mac OS X', os.arch: 'x86_64', os.version: '10.13.6', java.version: '1.8.0_181'
Driver info: io.appium.java_client.android.AndroidDriver
Capabilities [{appPackage=com.duckr.skymedia.duckr_android, app=/Users/alex/Desktop/DuckrProd/apk/duck.apk, deviceScreenSize=720x1280, networkConnectionEnabled=true, warnings={}, appWaitActivity=ui.tutorial.TutorialActivity, appWaitPackage=com.duckr.skymedia.duckr_android, databaseEnabled=false, deviceName=ca1fcccb, platform=LINUX, deviceUDID=ca1fcccb, appActivity=com.duckr.skymedia.duckr_android.ui.splash.SplashActivity, desired={appPackage=com.duckr.skymedia.duckr_android, app=/Users/alex/Desktop/DuckrProd/apk/duck.apk, platformVersion=7.1.2, automationName=Appium, appWaitActivity=ui.tutorial.TutorialActivity, autoGrantPermissions=true, platformName=Android, deviceName=Phone}, platformVersion=7.1.2, webStorageEnabled=false, locationContextEnabled=false, automationName=Appium, takesScreenshot=true, autoGrantPermissions=true, javascriptEnabled=true, deviceModel=Wileyfox Swift, platformName=Android, deviceManufacturer=Wileyfox}]
Session ID: 532eacdc-6c15-4417-a1fd-015ad0b5c1a4
	at org.openqa.selenium.support.ui.WebDriverWait.timeoutException(WebDriverWait.java:80)
	at org.openqa.selenium.support.ui.FluentWait.until(FluentWait.java:261)
	at startTestSetting.MainPageObject.waitForElementPresent(MainPageObject.java:31)
	at startTestSetting.MainPageObject.swipeUpToFindElement(MainPageObject.java:157)
	at ui.RegistrationPageObject.setChooseState(RegistrationPageObject.java:61)
	at tests.RegistrationTest.testInputEmailAndPass(RegistrationTest.java:45)
	at sun.reflect.NativeMethodAccessorImpl.invoke0(Native Method)
	at sun.reflect.NativeMethodAccessorImpl.invoke(NativeMethodAccessorImpl.java:62)
	at sun.reflect.DelegatingMethodAccessorImpl.invoke(DelegatingMethodAccessorImpl.java:43)
	at java.lang.reflect.Method.invoke(Method.java:498)
	at junit.framework.TestCase.runTest(TestCase.java:176)
	at junit.framework.TestCase.runBare(TestCase.java:141)
	at junit.framework.TestResult$1.protect(TestResult.java:122)
	at junit.framework.TestResult.runProtected(TestResult.java:142)
	at junit.framework.TestResult.run(TestResult.java:125)
	at junit.framework.TestCase.run(TestCase.java:129)
	at junit.framework.TestSuite.runTest(TestSuite.java:252)
	at junit.framework.TestSuite.run(TestSuite.java:247)
	at org.junit.internal.runners.JUnit38ClassRunner.run(JUnit38ClassRunner.java:86)
	at org.apache.maven.surefire.junit4.JUnit4Provider.execute(JUnit4Provider.java:242)
	at org.apache.maven.surefire.junit4.JUnit4Provider.executeTestSet(JUnit4Provider.java:137)
	at org.apache.maven.surefire.junit4.JUnit4Provider.invoke(JUnit4Provider.java:112)
	at sun.reflect.NativeMethodAccessorImpl.invoke0(Native Method)
	at sun.reflect.NativeMethodAccessorImpl.invoke(NativeMethodAccessorImpl.java:62)
	at sun.reflect.DelegatingMethodAccessorImpl.invoke(DelegatingMethodAccessorImpl.java:43)
	at java.lang.reflect.Method.invoke(Method.java:498)
	at org.apache.maven.surefire.util.ReflectionUtils.invokeMethodWithArray(ReflectionUtils.java:189)
	at org.apache.maven.surefire.booter.ProviderFactory$ProviderProxy.invoke(ProviderFactory.java:165)
	at org.apache.maven.surefire.booter.ProviderFactory.invokeProvider(ProviderFactory.java:85)
	at org.apache.maven.surefire.booter.ForkedBooter.runSuitesInProcess(ForkedBooter.java:115)
	at org.apache.maven.surefire.booter.ForkedBooter.main(ForkedBooter.java:75)
Caused by: org.openqa.selenium.NoSuchElementException: An element could not be located on the page using the given search parameters. (WARNING: The server did not provide any stacktrace information)
Command duration or timeout: 111 milliseconds
For documentation on this error, please visit: http://seleniumhq.org/exceptions/no_such_element.html
Build info: version: '2.53.1', revision: 'a36b8b1cd5757287168e54b817830adce9b0158d', time: '2016-06-30 19:26:09'
System info: host: 'iMac-ggg', ip: '192.168.1.52', os.name: 'Mac OS X', os.arch: 'x86_64', os.version: '10.13.6', java.version: '1.8.0_181'
Driver info: io.appium.java_client.android.AndroidDriver
Capabilities [{appPackage=com.duckr.skymedia.duckr_android, app=/Users/alex/Desktop/DuckrProd/apk/duck.apk, deviceScreenSize=720x1280, networkConnectionEnabled=true, warnings={}, appWaitActivity=ui.tutorial.TutorialActivity, appWaitPackage=com.duckr.skymedia.duckr_android, databaseEnabled=false, deviceName=ca1fcccb, platform=LINUX, deviceUDID=ca1fcccb, appActivity=com.duckr.skymedia.duckr_android.ui.splash.SplashActivity, desired={appPackage=com.duckr.skymedia.duckr_android, app=/Users/alex/Desktop/DuckrProd/apk/duck.apk, platformVersion=7.1.2, automationName=Appium, appWaitActivity=ui.tutorial.TutorialActivity, autoGrantPermissions=true, platformName=Android, deviceName=Phone}, platformVersion=7.1.2, webStorageEnabled=false, locationContextEnabled=false, automationName=Appium, takesScreenshot=true, autoGrantPermissions=true, javascriptEnabled=true, deviceModel=Wileyfox Swift, platformName=Android, deviceManufacturer=Wileyfox}]
Session ID: 532eacdc-6c15-4417-a1fd-015ad0b5c1a4
*** Element info: {Using=xpath, value=//*[@text='Hawaii' ]}
	at sun.reflect.NativeConstructorAccessorImpl.newInstance0(Native Method)
	at sun.reflect.NativeConstructorAccessorImpl.newInstance(NativeConstructorAccessorImpl.java:62)
	at sun.reflect.DelegatingConstructorAccessorImpl.newInstance(DelegatingConstructorAccessorImpl.java:45)
	at java.lang.reflect.Constructor.newInstance(Constructor.java:423)
	at org.openqa.selenium.remote.ErrorHandler.createThrowable(ErrorHandler.java:206)
	at org.openqa.selenium.remote.ErrorHandler.throwIfResponseFailed(ErrorHandler.java:158)
	at org.openqa.selenium.remote.RemoteWebDriver.execute(RemoteWebDriver.java:678)
	at io.appium.java_client.DefaultGenericMobileDriver.execute(DefaultGenericMobileDriver.java:40)
	at io.appium.java_client.AppiumDriver.execute(AppiumDriver.java:1)
	at io.appium.java_client.android.AndroidDriver.execute(AndroidDriver.java:1)
	at org.openqa.selenium.remote.RemoteWebDriver.findElement(RemoteWebDriver.java:363)
	at io.appium.java_client.DefaultGenericMobileDriver.findElement(DefaultGenericMobileDriver.java:56)
	at io.appium.java_client.AppiumDriver.findElement(AppiumDriver.java:1)
	at io.appium.java_client.android.AndroidDriver.findElement(AndroidDriver.java:1)
	at org.openqa.selenium.remote.RemoteWebDriver.findElementByXPath(RemoteWebDriver.java:500)
	at io.appium.java_client.DefaultGenericMobileDriver.findElementByXPath(DefaultGenericMobileDriver.java:134)
	at io.appium.java_client.AppiumDriver.findElementByXPath(AppiumDriver.java:1)
	at io.appium.java_client.android.AndroidDriver.findElementByXPath(AndroidDriver.java:1)
	at org.openqa.selenium.By$ByXPath.findElement(By.java:361)
	at org.openqa.selenium.remote.RemoteWebDriver.findElement(RemoteWebDriver.java:355)
	at io.appium.java_client.DefaultGenericMobileDriver.findElement(DefaultGenericMobileDriver.java:52)
	at io.appium.java_client.AppiumDriver.findElement(AppiumDriver.java:1)
	at io.appium.java_client.android.AndroidDriver.findElement(AndroidDriver.java:1)
	at org.openqa.selenium.support.ui.ExpectedConditions.findElement(ExpectedConditions.java:899)
	at org.openqa.selenium.support.ui.ExpectedConditions.access$000(ExpectedConditions.java:41)
	at org.openqa.selenium.support.ui.ExpectedConditions$6.apply(ExpectedConditions.java:181)
	at org.openqa.selenium.support.ui.ExpectedConditions$6.apply(ExpectedConditions.java:178)
	at org.openqa.selenium.support.ui.FluentWait.until(FluentWait.java:238)
	... 29 more

